# JRE version: OpenJDK Runtime Environment (11.0.4+10) (build 11.0.4+10-b304.77)
# Java VM: OpenJDK 64-Bit Server VM (11.0.4+10-b304.77, mixed mode, tiered, compressed oops, g1 gc, windows-amd64)
Heap:
 garbage-first heap   total 315392K, used 15373K [0x0000000701e00000, 0x0000000800000000)
  region size 1024K, 8 young (8192K), 8 survivors (8192K)
 Metaspace       used 34806K, capacity 35577K, committed 35840K, reserved 1081344K
  class space    used 4054K, capacity 4325K, committed 4352K, reserved 1048576K
GC Heap History (9 events):
Event: 0.773 GC heap before
{Heap before GC invocations=0 (full 0):
 garbage-first heap   total 262144K, used 23552K [0x0000000701e00000, 0x0000000800000000)
  region size 1024K, 24 young (24576K), 0 survivors (0K)
 Metaspace       used 11273K, capacity 11514K, committed 11648K, reserved 1060864K
  class space    used 1082K, capacity 1134K, committed 1152K, reserved 1048576K
}
Event: 0.777 GC heap after
{Heap after GC invocations=1 (full 0):
 garbage-first heap   total 262144K, used 7210K [0x0000000701e00000, 0x0000000800000000)
  region size 1024K, 3 young (3072K), 3 survivors (3072K)
 Metaspace       used 11273K, capacity 11514K, committed 11648K, reserved 1060864K
  class space    used 1082K, capacity 1134K, committed 1152K, reserved 1048576K
}
Event: 1.468 GC heap before
{Heap before GC invocations=1 (full 0):
 garbage-first heap   total 262144K, used 74794K [0x0000000701e00000, 0x0000000800000000)
  region size 1024K, 70 young (71680K), 3 survivors (3072K)
 Metaspace       used 20817K, capacity 21150K, committed 21248K, reserved 1069056K
  class space    used 2360K, capacity 2495K, committed 2560K, reserved 1048576K
}
Event: 1.473 GC heap after
{Heap after GC invocations=2 (full 0):
 garbage-first heap   total 262144K, used 9817K [0x0000000701e00000, 0x0000000800000000)
  region size 1024K, 6 young (6144K), 6 survivors (6144K)
 Metaspace       used 20817K, capacity 21150K, committed 21248K, reserved 1069056K
  class space    used 2360K, capacity 2495K, committed 2560K, reserved 1048576K
}
Event: 1.694 GC heap before
{Heap before GC invocations=3 (full 0):
 garbage-first heap   total 262144K, used 49753K [0x0000000701e00000, 0x0000000800000000)
  region size 1024K, 45 young (46080K), 6 survivors (6144K)
 Metaspace       used 26823K, capacity 27370K, committed 27520K, reserved 1073152K
  class space    used 3125K, capacity 3343K, committed 3456K, reserved 1048576K
}
Event: 1.700 GC heap after
{Heap after GC invocations=4 (full 0):
 garbage-first heap   total 262144K, used 10832K [0x0000000701e00000, 0x0000000800000000)
  region size 1024K, 4 young (4096K), 4 survivors (4096K)
 Metaspace       used 26823K, capacity 27370K, committed 27520K, reserved 1073152K
  class space    used 3125K, capacity 3343K, committed 3456K, reserved 1048576K
}
Event: 2.762 GC heap before
{Heap before GC invocations=4 (full 0):
 garbage-first heap   total 262144K, used 95824K [0x0000000701e00000, 0x0000000800000000)
  region size 1024K, 87 young (89088K), 4 survivors (4096K)
 Metaspace       used 34539K, capacity 35320K, committed 35584K, reserved 1081344K
  class space    used 4026K, capacity 4325K, committed 4352K, reserved 1048576K
}
Event: 2.768 GC heap after
{Heap after GC invocations=5 (full 0):
 garbage-first heap   total 262144K, used 15362K [0x0000000701e00000, 0x0000000800000000)
  region size 1024K, 8 young (8192K), 8 survivors (8192K)
 Metaspace       used 34539K, capacity 35320K, committed 35584K, reserved 1081344K
  class space    used 4026K, capacity 4325K, committed 4352K, reserved 1048576K
}
Event: 2.787 GC heap before
{Heap before GC invocations=5 (full 0):
 garbage-first heap   total 262144K, used 17410K [0x0000000701e00000, 0x0000000800000000)
  region size 1024K, 11 young (11264K), 8 survivors (8192K)
 Metaspace       used 34806K, capacity 35577K, committed 35840K, reserved 1081344K
  class space    used 4054K, capacity 4325K, committed 4352K, reserved 1048576K
}

